\BOOKMARK [0][-]{table.caption.1}{\376\377\000L\000i\000s\000t\000\040\000o\000f\000\040\000F\000i\000g\000u\000r\000e\000s}{}% 1
\BOOKMARK [0][-]{chapter.1}{\376\377\000I\000n\000t\000r\000o\000d\000u\000c\000t\000i\000o\000n}{}% 2
\BOOKMARK [1][-]{section.1.1}{\376\377\000P\000u\000r\000p\000o\000s\000e\000\040\000a\000n\000d\000\040\000G\000o\000a\000l\000\040\000o\000f\000\040\000P\000r\000o\000j\000e\000c\000t}{chapter.1}% 3
\BOOKMARK [1][-]{section.1.2}{\376\377\000R\000e\000p\000o\000r\000t\000\040\000S\000t\000r\000u\000c\000t\000u\000r\000e}{chapter.1}% 4
\BOOKMARK [0][-]{chapter.2}{\376\377\000B\000a\000c\000k\000g\000r\000o\000u\000n\000d\000\040\000a\000n\000d\000\040\000P\000u\000r\000p\000o\000s\000e}{}% 5
\BOOKMARK [1][-]{section.2.1}{\376\377\000B\000a\000c\000k\000g\000r\000o\000u\000n\000d}{chapter.2}% 6
\BOOKMARK [1][-]{section.2.2}{\376\377\000P\000r\000o\000b\000l\000e\000m\000\040\000S\000t\000a\000t\000e\000m\000e\000n\000t}{chapter.2}% 7
\BOOKMARK [1][-]{section.2.3}{\376\377\000P\000u\000r\000p\000o\000s\000e\000\040\000a\000n\000d\000\040\000O\000b\000j\000e\000c\000t\000i\000v\000e\000s}{chapter.2}% 8
\BOOKMARK [1][-]{section.2.4}{\376\377\000S\000c\000o\000p\000e\000\040\000a\000n\000d\000\040\000L\000i\000m\000i\000t\000a\000t\000i\000o\000n\000s}{chapter.2}% 9
\BOOKMARK [0][-]{chapter.3}{\376\377\000T\000h\000e\000o\000r\000y}{}% 10
\BOOKMARK [1][-]{section.3.1}{\376\377\000S\000i\000m\000i\000l\000a\000r\000\040\000R\000o\000v\000e\000r\000\040\000a\000n\000d\000\040\000M\000a\000p\000p\000i\000n\000g\000\040\000S\000y\000s\000t\000e\000m\000s}{chapter.3}% 11
\BOOKMARK [2][-]{subsection.3.1.1}{\376\377\000P\000l\000a\000n\000e\000t\000a\000r\000y\000\040\000R\000o\000v\000e\000r\000\040\000M\000o\000b\000i\000l\000i\000t\000y\000\040\000S\000y\000s\000t\000e\000m\000s}{section.3.1}% 12
\BOOKMARK [2][-]{subsection.3.1.2}{\376\377\000R\000e\000m\000o\000t\000e\000\040\000O\000p\000e\000r\000a\000t\000i\000o\000n\000\040\000a\000n\000d\000\040\000L\000o\000w\000-\000L\000i\000g\000h\000t\000\040\000N\000a\000v\000i\000g\000a\000t\000i\000o\000n}{section.3.1}% 13
\BOOKMARK [2][-]{subsection.3.1.3}{\376\377\000L\000o\000w\000-\000C\000o\000s\000t\000\040\0003\000D\000\040\000M\000a\000p\000p\000i\000n\000g\000\040\000U\000s\000i\000n\000g\000\040\0002\000D\000\040\000L\000i\000D\000A\000R}{section.3.1}% 14
\BOOKMARK [1][-]{section.3.2}{\376\377\000S\000l\000a\000m\000t\000e\000c\000\040\000R\000P\000L\000I\000D\000A\000R\000\040\000C\0001}{chapter.3}% 15
\BOOKMARK [2][-]{subsection.3.2.1}{\376\377\000L\000i\000D\000A\000R\000\040\000S\000p\000e\000c\000i\000f\000i\000c\000a\000t\000i\000o\000n\000s}{section.3.2}% 16
\BOOKMARK [2][-]{subsection.3.2.2}{\376\377\000T\000i\000m\000e\000-\000o\000f\000-\000F\000l\000i\000g\000h\000t\000\040\000D\000i\000s\000t\000a\000n\000c\000e\000\040\000M\000e\000a\000s\000u\000r\000e\000m\000e\000n\000t}{section.3.2}% 17
\BOOKMARK [2][-]{subsection.3.2.3}{\376\377\0002\000D\000\040\000L\000i\000D\000A\000R\000\040\000S\000c\000a\000n\000n\000i\000n\000g\000\040\000a\000n\000d\000\040\000P\000o\000l\000a\000r\000\040\000C\000o\000o\000r\000d\000i\000n\000a\000t\000e\000s}{section.3.2}% 18
\BOOKMARK [2][-]{subsection.3.2.4}{\376\377\000A\000n\000g\000u\000l\000a\000r\000\040\000R\000e\000s\000o\000l\000u\000t\000i\000o\000n\000,\000\040\000F\000r\000e\000q\000u\000e\000n\000c\000y\000\040\000a\000n\000d\000\040\000P\000o\000i\000n\000t\000\040\000S\000p\000a\000c\000i\000n\000g}{section.3.2}% 19
\BOOKMARK [2][-]{subsection.3.2.5}{\376\377\000C\000o\000o\000r\000d\000i\000n\000a\000t\000e\000\040\000S\000y\000s\000t\000e\000m\000s\000\040\000a\000n\000d\000\040\000S\000e\000n\000s\000o\000r\000\040\000O\000r\000i\000e\000n\000t\000a\000t\000i\000o\000n}{section.3.2}% 20
\BOOKMARK [1][-]{section.3.3}{\376\377\000C\000l\000o\000s\000e\000d\000-\000L\000o\000o\000p\000\040\000S\000t\000e\000p\000p\000e\000r\000\040\000M\000o\000t\000o\000r\000\040\000C\000o\000n\000t\000r\000o\000l}{chapter.3}% 21
\BOOKMARK [2][-]{subsection.3.3.1}{\376\377\000S\000t\000e\000p\000p\000e\000r\000\040\000M\000o\000t\000o\000r\000\040\000P\000r\000i\000n\000c\000i\000p\000l\000e}{section.3.3}% 22
\BOOKMARK [2][-]{subsection.3.3.2}{\376\377\000M\000i\000c\000r\000o\000s\000t\000e\000p\000p\000i\000n\000g\000,\000\040\000S\000t\000e\000p\000\040\000A\000n\000g\000l\000e\000\040\000a\000n\000d\000\040\000R\000o\000t\000a\000t\000i\000o\000n\000\040\000S\000p\000e\000e\000d}{section.3.3}% 23
\BOOKMARK [2][-]{subsection.3.3.3}{\376\377\000O\000p\000e\000n\000-\000L\000o\000o\000p\000\040\000a\000n\000d\000\040\000C\000l\000o\000s\000e\000d\000-\000L\000o\000o\000p\000\040\000S\000t\000e\000p\000p\000e\000r\000\040\000C\000o\000n\000t\000r\000o\000l}{section.3.3}% 24
\BOOKMARK [2][-]{subsection.3.3.4}{\376\377\000R\000e\000l\000e\000v\000a\000n\000c\000e\000\040\000t\000o\000\040\000t\000h\000e\000\040\000R\000o\000v\000e\000r\000\040\000P\000r\000o\000t\000o\000t\000y\000p\000e}{section.3.3}% 25
\BOOKMARK [1][-]{section.3.4}{\376\377\000R\000S\0004\0008\0005\000\040\000a\000n\000d\000\040\000M\000o\000d\000b\000u\000s\000\040\000R\000T\000U}{chapter.3}% 26
\BOOKMARK [2][-]{subsection.3.4.1}{\376\377\000R\000S\0004\0008\0005\000\040\000P\000h\000y\000s\000i\000c\000a\000l\000\040\000C\000o\000m\000m\000u\000n\000i\000c\000a\000t\000i\000o\000n}{section.3.4}% 27
\BOOKMARK [2][-]{subsection.3.4.2}{\376\377\000M\000o\000d\000b\000u\000s\000\040\000R\000T\000U\000\040\000F\000r\000a\000m\000e\000\040\000S\000t\000r\000u\000c\000t\000u\000r\000e}{section.3.4}% 28
\BOOKMARK [1][-]{section.3.5}{\376\377\000P\000o\000w\000e\000r\000\040\000C\000o\000n\000s\000u\000m\000p\000t\000i\000o\000n\000\040\000a\000n\000d\000\040\000E\000n\000e\000r\000g\000y\000\040\000B\000u\000d\000g\000e\000t}{chapter.3}% 29
\BOOKMARK [2][-]{subsection.3.5.1}{\376\377\000M\000o\000t\000i\000v\000a\000t\000i\000o\000n}{section.3.5}% 30
\BOOKMARK [2][-]{subsection.3.5.2}{\376\377\000P\000o\000w\000e\000r\000\040\000A\000r\000c\000h\000i\000t\000e\000c\000t\000u\000r\000e}{section.3.5}% 31
\BOOKMARK [2][-]{subsection.3.5.3}{\376\377\000C\000o\000m\000p\000o\000n\000e\000n\000t\000\040\000P\000o\000w\000e\000r\000\040\000C\000o\000n\000s\000u\000m\000p\000t\000i\000o\000n}{section.3.5}% 32
\BOOKMARK [2][-]{subsection.3.5.4}{\376\377\0001\0005\000-\000M\000i\000n\000u\000t\000e\000\040\000M\000i\000s\000s\000i\000o\000n\000\040\000E\000n\000e\000r\000g\000y\000\040\000B\000u\000d\000g\000e\000t}{section.3.5}% 33
\BOOKMARK [2][-]{subsection.3.5.5}{\376\377\000W\000o\000r\000s\000t\000\040\000C\000a\000s\000e\000\040\000A\000n\000a\000l\000y\000s\000i\000s}{section.3.5}% 34
\BOOKMARK [2][-]{subsection.3.5.6}{\376\377\000E\000n\000e\000r\000g\000y\000\040\000S\000o\000u\000r\000c\000e}{section.3.5}% 35
\BOOKMARK [2][-]{subsection.3.5.7}{\376\377\000E\000x\000p\000e\000r\000i\000m\000e\000n\000t\000a\000l\000\040\000V\000a\000l\000i\000d\000a\000t\000i\000o\000n}{section.3.5}% 36
\BOOKMARK [1][-]{section.3.6}{\376\377\000P\000o\000s\000i\000t\000i\000o\000n\000\040\000E\000s\000t\000i\000m\000a\000t\000i\000o\000n\000:\000\040\000W\000h\000e\000e\000l\000\040\000O\000d\000o\000m\000e\000t\000r\000y\000\040\000a\000n\000d\000\040\000D\000i\000f\000f\000e\000r\000e\000n\000t\000i\000a\000l\000\040\000S\000t\000e\000e\000r\000i\000n\000g}{chapter.3}% 37
\BOOKMARK [2][-]{subsection.3.6.1}{\376\377\000B\000a\000c\000k\000g\000r\000o\000u\000n\000d}{section.3.6}% 38
\BOOKMARK [2][-]{subsection.3.6.2}{\376\377\000W\000h\000e\000e\000l\000\040\000O\000d\000o\000m\000e\000t\000r\000y\000\040\000S\000y\000m\000b\000o\000l\000s\000\040\000a\000n\000d\000\040\000D\000e\000f\000i\000n\000i\000t\000i\000o\000n\000s}{section.3.6}% 39
\BOOKMARK [2][-]{subsection.3.6.3}{\376\377\000I\000M\000U\000\040\000-\000\040\000I\000C\000M\000-\0002\0000\0009\0004\0008}{section.3.6}% 40
\BOOKMARK [2][-]{subsection.3.6.4}{\376\377\000D\000i\000f\000f\000e\000r\000e\000n\000t\000i\000a\000l\000\040\000S\000t\000e\000e\000r\000i\000n\000g\000\040\000P\000r\000i\000n\000c\000i\000p\000l\000e}{section.3.6}% 41
\BOOKMARK [2][-]{subsection.3.6.5}{\376\377\000O\000d\000o\000m\000e\000t\000r\000y\000\040\000D\000e\000f\000i\000n\000i\000t\000i\000o\000n\000s}{section.3.6}% 42
\BOOKMARK [2][-]{subsection.3.6.6}{\376\377\000P\000o\000i\000n\000t\000\040\000T\000u\000r\000n}{section.3.6}% 43
\BOOKMARK [2][-]{subsection.3.6.7}{\376\377\000R\000e\000l\000a\000t\000i\000o\000n\000s\000h\000i\000p\000\040\000t\000o\000\040\000O\000d\000o\000m\000e\000t\000r\000y\000\040\000a\000n\000d\000\040\000S\000l\000i\000p\000\040\000D\000e\000t\000e\000c\000t\000i\000o\000n}{section.3.6}% 44
\BOOKMARK [2][-]{subsection.3.6.8}{\376\377\000S\000i\000d\000e\000\040\000S\000l\000i\000p\000\040\000P\000r\000o\000b\000l\000e\000m}{section.3.6}% 45
\BOOKMARK [1][-]{section.3.7}{\376\377\000F\000a\000i\000l\000u\000r\000e\000\040\000A\000n\000a\000l\000y\000s\000i\000s\000\040\000a\000n\000d\000\040\000S\000y\000s\000t\000e\000m\000\040\000R\000e\000d\000u\000n\000d\000a\000n\000c\000y}{chapter.3}% 46
\BOOKMARK [1][-]{section.3.8}{\376\377\000M\000e\000c\000h\000a\000n\000i\000c\000a\000l\000\040\000D\000e\000s\000i\000g\000n\000\040\000a\000n\000d\000\040\000F\000i\000n\000i\000t\000e\000\040\000E\000l\000e\000m\000e\000n\000t\000\040\000A\000n\000a\000l\000y\000s\000i\000s}{chapter.3}% 47
\BOOKMARK [2][-]{subsection.3.8.1}{\376\377\000O\000b\000j\000e\000c\000t\000i\000v\000e}{section.3.8}% 48
\BOOKMARK [2][-]{subsection.3.8.2}{\376\377\000M\000a\000t\000e\000r\000i\000a\000l\000\040\000a\000n\000d\000\040\000S\000a\000f\000e\000t\000y\000\040\000F\000a\000c\000t\000o\000r}{section.3.8}% 49
\BOOKMARK [2][-]{subsection.3.8.3}{\376\377\000K\000e\000y\000\040\000A\000s\000s\000u\000m\000p\000t\000i\000o\000n\000s\000\040\000a\000n\000d\000\040\000L\000i\000m\000i\000t\000a\000t\000i\000o\000n\000s}{section.3.8}% 50
\BOOKMARK [2][-]{subsection.3.8.4}{\376\377\000B\000a\000s\000i\000c\000\040\000S\000t\000r\000e\000s\000s\000\040\000a\000n\000d\000\040\000E\000q\000u\000i\000l\000i\000b\000r\000i\000u\000m}{section.3.8}% 51
\BOOKMARK [2][-]{subsection.3.8.5}{\376\377\000P\000a\000r\000a\000l\000l\000e\000l\000\040\000A\000x\000i\000s\000\040\000T\000h\000e\000o\000r\000e\000m}{section.3.8}% 52
\BOOKMARK [2][-]{subsection.3.8.6}{\376\377\000V\000o\000n\000\040\000M\000i\000s\000e\000s\000\040\000S\000t\000r\000e\000s\000s\000\040\000a\000n\000d\000\040\000F\000E\000A}{section.3.8}% 53
\BOOKMARK [2][-]{subsection.3.8.7}{\376\377\000F\000a\000c\000t\000o\000r\000\040\000o\000f\000\040\000S\000a\000f\000e\000t\000y\000\040\000i\000n\000\040\000S\000i\000m\000u\000l\000a\000t\000i\000o\000n\000s}{section.3.8}% 54
\BOOKMARK [2][-]{subsection.3.8.8}{\376\377\000L\000i\000m\000i\000t\000a\000t\000i\000o\000n\000s\000\040\000o\000f\000\040\000O\000u\000r\000\040\000F\000E\000A}{section.3.8}% 55
\BOOKMARK [0][-]{chapter.4}{\376\377\000M\000a\000t\000e\000r\000i\000a\000l\000s\000\040\000a\000n\000d\000\040\000M\000e\000t\000h\000o\000d\000s}{}% 56
\BOOKMARK [1][-]{section.4.1}{\376\377\000M\000a\000n\000u\000f\000a\000c\000t\000u\000r\000i\000n\000g\000\040\000a\000n\000d\000\040\0003\000D\000\040\000P\000r\000i\000n\000t\000i\000n\000g}{chapter.4}% 57
\BOOKMARK [2][-]{subsection.4.1.1}{\376\377\000I\000t\000e\000r\000a\000t\000i\000o\000n\000s\000,\000\040\000P\000r\000i\000n\000t\000\040\000F\000a\000i\000l\000u\000r\000e\000s\000\040\000a\000n\000d\000\040\000D\000e\000s\000i\000g\000n\000\040\000C\000h\000a\000n\000g\000e\000s}{section.4.1}% 58
\BOOKMARK [2][-]{subsection.4.1.2}{\376\377\000F\000i\000n\000a\000l\000\040\000C\000A\000D\000\040\000D\000e\000s\000i\000g\000n}{section.4.1}% 59
\BOOKMARK [2][-]{subsection.4.1.3}{\376\377\000A\000s\000s\000e\000m\000b\000l\000y}{section.4.1}% 60
\BOOKMARK [2][-]{subsection.4.1.4}{\376\377\000S\000o\000f\000t\000w\000a\000r\000e}{section.4.1}% 61
\BOOKMARK [1][-]{section.4.2}{\376\377\000S\000y\000s\000t\000e\000m\000\040\000W\000i\000r\000i\000n\000g\000\040\000D\000i\000a\000g\000r\000a\000m}{chapter.4}% 62
\BOOKMARK [1][-]{section.4.3}{\376\377\000R\000o\000v\000e\000r\000\040\000E\000l\000e\000c\000t\000r\000i\000c\000a\000l\000\040\000A\000s\000s\000e\000m\000b\000l\000y}{chapter.4}% 63
\BOOKMARK [1][-]{section.4.4}{\376\377\000S\000l\000a\000m\000t\000e\000c\000\040\000R\000P\000L\000I\000D\000A\000R\000\040\000C\0001}{chapter.4}% 64
\BOOKMARK [2][-]{subsection.4.4.1}{\376\377\000I\000n\000i\000t\000i\000a\000l\000\040\0002\000D\000\040\000L\000i\000D\000A\000R\000\040\000V\000e\000r\000i\000f\000i\000c\000a\000t\000i\000o\000n}{section.4.4}% 65
\BOOKMARK [2][-]{subsection.4.4.2}{\376\377\000L\000i\000D\000A\000R\000\040\000C\000o\000o\000r\000d\000i\000n\000a\000t\000e\000\040\000F\000r\000a\000m\000e\000\040\000a\000n\000d\000\040\000S\000e\000n\000s\000o\000r\000\040\000O\000r\000i\000e\000n\000t\000a\000t\000i\000o\000n}{section.4.4}% 66
\BOOKMARK [2][-]{subsection.4.4.3}{\376\377\000P\000s\000e\000u\000d\000o\000-\0003\000D\000\040\000H\000e\000i\000g\000h\000t\000\040\000M\000a\000p\000\040\000V\000e\000r\000i\000f\000i\000c\000a\000t\000i\000o\000n}{section.4.4}% 67
\BOOKMARK [2][-]{subsection.4.4.4}{\376\377\000S\000t\000e\000p\000\040\000B\000a\000s\000e\000d\000\040\000R\000o\000t\000a\000t\000i\000n\000g\000\040\000L\000i\000D\000A\000R\000\040\000S\000c\000a\000n}{section.4.4}% 68
\BOOKMARK [2][-]{subsection.4.4.5}{\376\377\000R\000O\000S\0002\000\040\000R\000e\000a\000l\000-\000T\000i\000m\000e\000\040\000S\000c\000a\000n\000n\000i\000n\000g}{section.4.4}% 69
\BOOKMARK [2][-]{subsection.4.4.6}{\376\377\000R\000V\000i\000z\000\040\000V\000i\000s\000u\000a\000l\000i\000z\000a\000t\000i\000o\000n}{section.4.4}% 70
\BOOKMARK [1][-]{section.4.5}{\376\377\000M\000a\000k\000e\000r\000b\000a\000s\000e\000\040\000S\000e\000r\000v\000o\0004\0002\000D}{chapter.4}% 71
\BOOKMARK [2][-]{subsection.4.5.1}{\376\377\000M\000o\000t\000o\000r\000\040\000C\000o\000n\000f\000i\000g\000u\000r\000a\000t\000i\000o\000n}{section.4.5}% 72
\BOOKMARK [2][-]{subsection.4.5.2}{\376\377\000R\000S\0004\0008\0005\000\040\000B\000u\000s\000\040\000a\000n\000d\000\040\000R\000a\000s\000p\000b\000e\000r\000r\000y\000\040\000P\000i\000\040\000C\000o\000n\000n\000e\000c\000t\000i\000o\000n}{section.4.5}% 73
\BOOKMARK [2][-]{subsection.4.5.3}{\376\377\000C\000u\000s\000t\000o\000m\000\040\000C\000+\000+\000\040\000M\000o\000t\000o\000r\000\040\000L\000i\000b\000r\000a\000r\000y}{section.4.5}% 74
\BOOKMARK [2][-]{subsection.4.5.4}{\376\377\000I\000m\000p\000l\000e\000m\000e\000n\000t\000e\000d\000\040\000M\000o\000t\000o\000r\000\040\000F\000u\000n\000c\000t\000i\000o\000n\000s}{section.4.5}% 75
\BOOKMARK [2][-]{subsection.4.5.5}{\376\377\000D\000r\000i\000v\000e\000t\000r\000a\000i\000n\000\040\000M\000o\000t\000o\000r\000\040\000M\000a\000p\000p\000i\000n\000g}{section.4.5}% 76
\BOOKMARK [2][-]{subsection.4.5.6}{\376\377\000L\000i\000D\000A\000R\000\040\000M\000o\000t\000o\000r\000\040\000C\000o\000n\000t\000r\000o\000l}{section.4.5}% 77
\BOOKMARK [2][-]{subsection.4.5.7}{\376\377\000U\000n\000l\000o\000a\000d\000e\000d\000\040\000D\000r\000i\000v\000e\000t\000r\000a\000i\000n\000\040\000M\000o\000t\000o\000r\000\040\000T\000e\000s\000t}{section.4.5}% 78
\BOOKMARK [2][-]{subsection.4.5.8}{\376\377\000S\000t\000a\000t\000i\000o\000n\000a\000r\000y\000\040\000O\000s\000c\000i\000l\000l\000a\000t\000i\000o\000n\000\040\000T\000e\000s\000t}{section.4.5}% 79
\BOOKMARK [2][-]{subsection.4.5.9}{\376\377\000Z\000e\000r\000o\000-\000R\000a\000d\000i\000u\000s\000\040\000T\000u\000r\000n\000\040\000T\000e\000s\000t}{section.4.5}% 80
\BOOKMARK [1][-]{section.4.6}{\376\377\000R\000O\000S\0002\000\040\000a\000n\000d\000\040\000G\000a\000z\000e\000b\000o\000\040\000S\000i\000m\000u\000l\000a\000t\000i\000o\000n}{chapter.4}% 81
\BOOKMARK [2][-]{subsection.4.6.1}{\376\377\000S\000y\000s\000t\000e\000m\000\040\000A\000r\000c\000h\000i\000t\000e\000c\000t\000u\000r\000e}{section.4.6}% 82
\BOOKMARK [2][-]{subsection.4.6.2}{\376\377\000R\000o\000b\000o\000t\000\040\000M\000o\000d\000e\000l\000i\000n\000g\000\040\000i\000n\000\040\000R\000O\000S\000\040\0002}{section.4.6}% 83
\BOOKMARK [2][-]{subsection.4.6.3}{\376\377\000S\000i\000m\000u\000l\000a\000t\000i\000o\000n\000\040\000E\000n\000v\000i\000r\000o\000n\000m\000e\000n\000t\000\040\000i\000n\000\040\000G\000a\000z\000e\000b\000o}{section.4.6}% 84
\BOOKMARK [2][-]{subsection.4.6.4}{\376\377\000S\000e\000n\000s\000o\000r\000\040\000I\000n\000t\000e\000g\000r\000a\000t\000i\000o\000n\000\040\000a\000n\000d\000\040\000T\000o\000p\000i\000c\000\040\000C\000o\000m\000m\000u\000n\000i\000c\000a\000t\000i\000o\000n}{section.4.6}% 85
\BOOKMARK [2][-]{subsection.4.6.5}{\376\377\000L\000a\000u\000n\000c\000h\000\040\000S\000t\000r\000u\000c\000t\000u\000r\000e\000\040\000a\000n\000d\000\040\000S\000y\000s\000t\000e\000m\000\040\000E\000x\000e\000c\000u\000t\000i\000o\000n}{section.4.6}% 86
\BOOKMARK [1][-]{section.4.7}{\376\377\000M\000e\000c\000h\000a\000n\000i\000c\000a\000l\000\040\000D\000e\000s\000i\000g\000n\000\040\000a\000n\000d\000\040\000F\000E\000A\000\040\000M\000e\000t\000h\000o\000d}{chapter.4}% 87
\BOOKMARK [2][-]{subsection.4.7.1}{\376\377\000M\000a\000t\000e\000r\000i\000a\000l\000\040\000P\000r\000o\000p\000e\000r\000t\000i\000e\000s}{section.4.7}% 88
\BOOKMARK [2][-]{subsection.4.7.2}{\376\377\000A\000s\000s\000u\000m\000p\000t\000i\000o\000n\000s\000\040\000a\000n\000d\000\040\000L\000i\000m\000i\000t\000a\000t\000i\000o\000n\000s}{section.4.7}% 89
\BOOKMARK [2][-]{subsection.4.7.3}{\376\377\000L\000o\000a\000d\000\040\000C\000a\000l\000c\000u\000l\000a\000t\000i\000o\000n\000s}{section.4.7}% 90
\BOOKMARK [2][-]{subsection.4.7.4}{\376\377\000F\000E\000A\000\040\000S\000e\000t\000u\000p}{section.4.7}% 91
\BOOKMARK [1][-]{section.4.8}{\376\377\000P\000h\000y\000s\000i\000c\000a\000l\000\040\000I\000M\000U\000\040\000V\000e\000r\000i\000f\000i\000c\000a\000t\000i\000o\000n}{chapter.4}% 92
\BOOKMARK [0][-]{chapter.5}{\376\377\000R\000e\000s\000u\000l\000t\000s}{}% 93
\BOOKMARK [1][-]{section.5.1}{\376\377\000R\000e\000s\000u\000l\000t\000s\000\040\000O\000v\000e\000r\000v\000i\000e\000w}{chapter.5}% 94
\BOOKMARK [1][-]{section.5.2}{\376\377\000L\000i\000D\000A\000R\000\040\000R\000e\000s\000u\000l\000t\000s}{chapter.5}% 95
\BOOKMARK [2][-]{subsection.5.2.1}{\376\377\000I\000n\000i\000t\000i\000a\000l\000\040\0002\000D\000\040\000R\000e\000s\000u\000l\000t\000s}{section.5.2}% 96
\BOOKMARK [2][-]{subsection.5.2.2}{\376\377\0002\000D\000\040\000D\000i\000s\000t\000a\000n\000c\000e\000\040\000M\000e\000a\000s\000u\000r\000e\000m\000e\000n\000t\000\040\000R\000e\000s\000u\000l\000t}{section.5.2}% 97
\BOOKMARK [2][-]{subsection.5.2.3}{\376\377\000P\000s\000e\000u\000d\000o\000-\0003\000D\000\040\000H\000e\000i\000g\000h\000t\000\040\000S\000c\000a\000n}{section.5.2}% 98
\BOOKMARK [2][-]{subsection.5.2.4}{\376\377\000R\000o\000t\000a\000t\000i\000n\000g\000\040\000L\000i\000D\000A\000R\000\040\000S\000c\000a\000n}{section.5.2}% 99
\BOOKMARK [1][-]{section.5.3}{\376\377\000M\000o\000t\000o\000r\000\040\000C\000o\000n\000t\000r\000o\000l\000\040\000V\000e\000r\000i\000f\000i\000c\000a\000t\000i\000o\000n}{chapter.5}% 100
\BOOKMARK [2][-]{subsection.5.3.1}{\376\377\000U\000n\000l\000o\000a\000d\000e\000d\000\040\000D\000r\000i\000v\000e\000t\000r\000a\000i\000n\000\040\000M\000o\000t\000o\000r\000\040\000T\000e\000s\000t}{section.5.3}% 101
\BOOKMARK [2][-]{subsection.5.3.2}{\376\377\000S\000t\000a\000t\000i\000o\000n\000a\000r\000y\000\040\000O\000s\000c\000i\000l\000l\000a\000t\000i\000o\000n\000\040\000T\000e\000s\000t}{section.5.3}% 102
\BOOKMARK [2][-]{subsection.5.3.3}{\376\377\000Z\000e\000r\000o\000-\000R\000a\000d\000i\000u\000s\000\040\000T\000u\000r\000n}{section.5.3}% 103
\BOOKMARK [1][-]{section.5.4}{\376\377\000I\000M\000U\000\040\000V\000e\000r\000i\000f\000i\000c\000a\000t\000i\000o\000n\000\040\000R\000e\000s\000u\000l\000t\000s}{chapter.5}% 104
\BOOKMARK [1][-]{section.5.5}{\376\377\000S\000i\000m\000u\000l\000a\000t\000i\000o\000n\000\040\000R\000e\000s\000u\000l\000t\000s}{chapter.5}% 105
\BOOKMARK [2][-]{subsection.5.5.1}{\376\377\000T\000o\000p\000i\000c\000\040\000P\000u\000b\000l\000i\000s\000h\000\040\000R\000a\000t\000e\000s}{section.5.5}% 106
\BOOKMARK [2][-]{subsection.5.5.2}{\376\377\000O\000d\000o\000m\000e\000t\000r\000y\000\040\000O\000u\000t\000p\000u\000t}{section.5.5}% 107
\BOOKMARK [2][-]{subsection.5.5.3}{\376\377\000T\000e\000r\000r\000a\000i\000n\000\040\000M\000o\000b\000i\000l\000i\000t\000y}{section.5.5}% 108
\BOOKMARK [2][-]{subsection.5.5.4}{\376\377\000L\000i\000D\000A\000R\000\040\000O\000b\000s\000t\000a\000c\000l\000e\000\040\000D\000e\000t\000e\000c\000t\000i\000o\000n}{section.5.5}% 109
\BOOKMARK [1][-]{section.5.6}{\376\377\000M\000e\000c\000h\000a\000n\000i\000c\000a\000l\000\040\000F\000E\000A\000\040\000R\000e\000s\000u\000l\000t\000s}{chapter.5}% 110
\BOOKMARK [2][-]{subsection.5.6.1}{\376\377\000R\000o\000c\000k\000e\000r\000\040\000A\000r\000m\000\040\000a\000n\000d\000\040\000M\000o\000t\000o\000r\000\040\000M\000o\000u\000n\000t}{section.5.6}% 111
\BOOKMARK [2][-]{subsection.5.6.2}{\376\377\000C\000h\000a\000s\000s\000i\000s}{section.5.6}% 112
\BOOKMARK [2][-]{subsection.5.6.3}{\376\377\000W\000h\000e\000e\000l}{section.5.6}% 113
\BOOKMARK [2][-]{subsection.5.6.4}{\376\377\000S\000u\000m\000m\000a\000r\000y\000\040\000o\000f\000\040\000F\000E\000A\000\040\000r\000e\000s\000u\000l\000t\000s}{section.5.6}% 114
\BOOKMARK [1][-]{section.5.7}{\376\377\000S\000u\000m\000m\000a\000r\000y\000\040\000o\000f\000\040\000O\000b\000j\000e\000c\000t\000i\000v\000e\000\040\000O\000u\000t\000c\000o\000m\000e\000s}{chapter.5}% 115
\BOOKMARK [0][-]{chapter.6}{\376\377\000D\000i\000s\000c\000u\000s\000s\000i\000o\000n}{}% 116
\BOOKMARK [1][-]{section.6.1}{\376\377\000L\000i\000D\000A\000R\000\040\000a\000n\000d\000\040\000P\000s\000e\000u\000d\000o\000-\0003\000D\000\040\000M\000a\000p\000p\000i\000n\000g}{chapter.6}% 117
\BOOKMARK [1][-]{section.6.2}{\376\377\000M\000o\000t\000o\000r\000\040\000D\000i\000s\000c\000u\000s\000s\000i\000o\000n}{chapter.6}% 118
\BOOKMARK [2][-]{subsection.6.2.1}{\376\377\000I\000M\000U\000\040\000a\000n\000d\000\040\000M\000o\000t\000i\000o\000n\000\040\000F\000e\000e\000d\000b\000a\000c\000k}{section.6.2}% 119
\BOOKMARK [2][-]{subsection.6.2.2}{\376\377\000S\000i\000m\000u\000l\000a\000t\000i\000o\000n\000\040\000C\000o\000m\000p\000a\000r\000e\000d\000\040\000t\000o\000\040\000R\000e\000a\000l\000\040\000T\000e\000s\000t\000i\000n\000g}{section.6.2}% 120
\BOOKMARK [2][-]{subsection.6.2.3}{\376\377\000S\000y\000s\000t\000e\000m\000\040\000L\000i\000m\000i\000t\000a\000t\000i\000o\000n\000s\000\040\000a\000n\000d\000\040\000F\000u\000r\000t\000h\000e\000r\000\040\000W\000o\000r\000k}{section.6.2}% 121
\BOOKMARK [0][-]{chapter.7}{\376\377\000C\000o\000n\000c\000l\000u\000s\000i\000o\000n}{}% 122
\BOOKMARK [0][-]{figure.caption.79}{\376\377\000B\000i\000b\000l\000i\000o\000g\000r\000a\000p\000h\000y}{}% 123
